2026-06-01 11:08:51.518 | INFO     | app.middleware.logging:dispatch:10 - GET / -> 404 (0.78 ms)
2026-06-01 11:08:51.760 | INFO     | app.middleware.logging:dispatch:10 - GET /favicon.ico -> 404 (0.44 ms)
2026-06-01 12:16:54.641 | INFO     | app.middleware.logging:dispatch:10 - POST /api/v1/auth/register -> 422 (2.03 ms)
2026-06-01 12:16:54.674 | INFO     | app.middleware.logging:dispatch:10 - POST /api/v1/story/generate -> 401 (1.55 ms)
2026-06-01 12:16:54.681 | INFO     | app.middleware.logging:dispatch:10 - POST /api/v1/rules/create -> 401 (2.42 ms)
2026-06-01 12:16:54.688 | INFO     | app.middleware.logging:dispatch:10 - GET /api/v1/students -> 401 (1.30 ms)
2026-06-01 12:17:19.744 | INFO     | app.middleware.logging:dispatch:10 - POST /api/v1/auth/register -> 422 (2.28 ms)
2026-06-01 12:17:19.778 | INFO     | app.middleware.logging:dispatch:10 - POST /api/v1/story/generate -> 401 (2.41 ms)
2026-06-01 12:17:19.786 | INFO     | app.middleware.logging:dispatch:10 - POST /api/v1/rules/create -> 401 (2.27 ms)
2026-06-01 12:17:19.793 | INFO     | app.middleware.logging:dispatch:10 - GET /api/v1/students -> 401 (1.51 ms)
2026-06-01 14:40:47.991 | INFO     | app.middleware.logging:dispatch:10 - GET /docs -> 200 (0.51 ms)
2026-06-01 14:40:50.158 | INFO     | app.middleware.logging:dispatch:10 - GET /openapi.json -> 200 (155.48 ms)
2026-06-01 14:41:00.410 | INFO     | app.middleware.logging:dispatch:10 - GET /docs -> 200 (0.36 ms)
2026-06-01 14:41:02.548 | INFO     | app.middleware.logging:dispatch:10 - GET /openapi.json -> 200 (0.76 ms)
2026-06-01 14:41:38.691 | INFO     | app.middleware.logging:dispatch:10 - GET /health -> 200 (1.44 ms)
2026-06-01 14:42:10.117 | INFO     | app.middleware.logging:dispatch:10 - POST /api/v1/ai/chat -> 401 (1.85 ms)
2026-06-01 14:46:25.197 | INFO     | app.middleware.logging:dispatch:10 - POST /api/v1/auth/register -> 200 (452.48 ms)
2026-06-01 14:46:58.270 | INFO     | app.middleware.logging:dispatch:10 - POST /api/v1/auth/login -> 200 (286.26 ms)
2026-06-01 14:47:47.425 | INFO     | app.middleware.logging:dispatch:10 - GET /api/v1/auth/me -> 401 (0.99 ms)
2026-06-01 14:47:52.010 | INFO     | app.middleware.logging:dispatch:10 - GET /api/v1/auth/me -> 401 (0.38 ms)
2026-06-01 14:49:18.786 | INFO     | app.middleware.logging:dispatch:10 - POST /api/v1/auth/login -> 200 (237.01 ms)
2026-06-01 14:49:18.796 | INFO     | app.middleware.logging:dispatch:10 - GET /api/v1/auth/me -> 200 (4.53 ms)
2026-06-01 14:54:03.534 | INFO     | app.middleware.logging:dispatch:10 - GET /docs -> 200 (0.46 ms)
2026-06-01 14:54:03.881 | INFO     | app.middleware.logging:dispatch:10 - GET /openapi.json -> 200 (141.13 ms)
2026-06-01 14:54:11.220 | INFO     | app.middleware.logging:dispatch:10 - POST /api/v1/auth/token -> 200 (425.30 ms)
2026-06-01 14:54:22.247 | INFO     | app.middleware.logging:dispatch:10 - GET /api/v1/auth/me -> 200 (10.36 ms)
2026-06-01 14:54:23.633 | INFO     | app.middleware.logging:dispatch:10 - GET /api/v1/auth/me -> 200 (3.88 ms)
2026-06-01 14:57:09.034 | INFO     | app.middleware.logging:dispatch:10 - POST /api/v1/ai/chat -> 502 (2106.42 ms)
2026-06-01 14:59:17.133 | INFO     | app.middleware.logging:dispatch:10 - POST /api/v1/ai/chat -> 502 (1146.62 ms)
2026-06-01 15:01:47.913 | INFO     | app.middleware.logging:dispatch:10 - POST /api/v1/ai/chat -> 502 (1182.58 ms)
2026-06-01 15:02:04.681 | INFO     | app.middleware.logging:dispatch:10 - POST /api/v1/ai/chat -> 200 (6515.81 ms)
2026-06-01 15:13:58.029 | INFO     | app.middleware.logging:dispatch:10 - GET /docs -> 200 (0.55 ms)
2026-06-01 15:13:58.230 | INFO     | app.middleware.logging:dispatch:10 - GET /openapi.json -> 200 (132.35 ms)
2026-06-01 15:14:08.077 | INFO     | app.middleware.logging:dispatch:10 - POST /api/v1/ai/text/chat -> 401 (1.91 ms)
2026-06-01 15:14:19.308 | INFO     | app.middleware.logging:dispatch:10 - POST /api/v1/auth/token -> 200 (428.25 ms)
2026-06-01 15:14:25.441 | INFO     | app.middleware.logging:dispatch:10 - POST /api/v1/ai/text/chat -> 200 (3987.41 ms)
2026-06-01 16:23:17.378 | INFO     | app.middleware.logging:dispatch:10 - POST /api/v1/auth/entry -> 200 (491.51 ms)
2026-06-01 16:23:17.500 | INFO     | app.middleware.logging:dispatch:10 - GET /api/v1/profile -> 200 (58.55 ms)
2026-06-01 16:23:17.620 | INFO     | app.middleware.logging:dispatch:10 - GET /api/v1/profile -> 200 (175.35 ms)
2026-06-01 16:23:21.541 | INFO     | app.middleware.logging:dispatch:10 - PATCH /api/v1/profile/gender -> 200 (37.19 ms)
2026-06-01 16:23:25.864 | INFO     | app.middleware.logging:dispatch:10 - PATCH /api/v1/profile/companion -> 200 (32.36 ms)
2026-06-01 16:23:35.478 | INFO     | app.middleware.logging:dispatch:10 - PATCH /api/v1/profile/mood -> 200 (25.11 ms)
2026-06-01 16:23:35.503 | INFO     | app.middleware.logging:dispatch:10 - POST /api/v1/profile/onboarding/complete -> 200 (22.04 ms)
2026-06-01 16:23:35.984 | INFO     | app.middleware.logging:dispatch:10 - GET /api/v1/profile/moments/today -> 200 (13.17 ms)
2026-06-01 16:23:35.986 | INFO     | app.middleware.logging:dispatch:10 - GET /api/v1/profile/moments/today -> 200 (13.38 ms)
2026-06-01 16:24:04.228 | INFO     | app.middleware.logging:dispatch:10 - POST /api/v1/profile/moments -> 200 (23.61 ms)
2026-06-01 16:24:15.594 | INFO     | app.middleware.logging:dispatch:10 - POST /api/v1/profile/moments -> 200 (27.24 ms)
2026-06-01 16:24:43.117 | INFO     | app.middleware.logging:dispatch:10 - PATCH /api/v1/profile/mood -> 200 (52.94 ms)
2026-06-01 16:24:46.604 | INFO     | app.middleware.logging:dispatch:10 - PATCH /api/v1/profile/mood -> 200 (27.48 ms)
2026-06-01 16:26:06.487 | INFO     | app.middleware.logging:dispatch:10 - POST /api/v1/auth/entry -> 200 (261.92 ms)
2026-06-01 16:26:06.499 | INFO     | app.middleware.logging:dispatch:10 - GET /api/v1/profile -> 200 (8.46 ms)
2026-06-01 16:26:06.501 | INFO     | app.middleware.logging:dispatch:10 - GET /api/v1/profile -> 200 (8.99 ms)
2026-06-01 16:26:06.595 | INFO     | app.middleware.logging:dispatch:10 - GET /api/v1/profile/moments/today -> 200 (7.35 ms)
2026-06-01 16:42:03.751 | INFO     | app.middleware.logging:dispatch:10 - POST /api/v1/auth/entry -> 200 (456.29 ms)
2026-06-01 16:42:03.825 | INFO     | app.middleware.logging:dispatch:10 - GET /api/v1/profile -> 200 (15.49 ms)
2026-06-01 16:42:03.987 | INFO     | app.middleware.logging:dispatch:10 - GET /api/v1/profile -> 200 (166.53 ms)
2026-06-01 16:42:04.178 | INFO     | app.middleware.logging:dispatch:10 - GET /api/v1/profile/moments/today -> 200 (14.47 ms)
2026-06-01 16:42:04.180 | INFO     | app.middleware.logging:dispatch:10 - GET /api/v1/profile/moments/today -> 200 (15.36 ms)
2026-06-01 16:42:29.092 | INFO     | app.middleware.logging:dispatch:10 - PATCH /api/v1/profile/mood -> 200 (21.12 ms)
2026-06-01 16:42:31.363 | INFO     | app.middleware.logging:dispatch:10 - PATCH /api/v1/profile/mood -> 200 (13.49 ms)
2026-06-01 16:42:33.379 | INFO     | app.middleware.logging:dispatch:10 - PATCH /api/v1/profile/mood -> 200 (12.38 ms)
2026-06-01 16:43:02.127 | INFO     | app.middleware.logging:dispatch:10 - POST /api/v1/profile/moments -> 200 (4124.78 ms)
2026-06-01 16:43:04.339 | INFO     | app.middleware.logging:dispatch:10 - GET /api/v1/profile/moments/today -> 200 (5.82 ms)
2026-06-01 16:55:26.419 | INFO     | app.middleware.logging:dispatch:10 - GET /api/v1/profile -> 200 (216.20 ms)
2026-06-01 16:55:30.473 | INFO     | app.middleware.logging:dispatch:10 - GET /api/v1/profile/moments/today -> 200 (17.85 ms)
2026-06-01 16:55:30.629 | INFO     | app.middleware.logging:dispatch:10 - GET /api/v1/profile/moments/today -> 200 (171.59 ms)
2026-06-01 16:55:52.519 | INFO     | app.middleware.logging:dispatch:10 - PATCH /api/v1/profile/mood -> 200 (20.59 ms)
2026-06-01 16:56:16.994 | INFO     | app.middleware.logging:dispatch:10 - POST /api/v1/profile/moments -> 200 (9546.73 ms)
2026-06-01 16:56:19.316 | INFO     | app.middleware.logging:dispatch:10 - GET /api/v1/profile/moments/today -> 200 (8.53 ms)
2026-06-01 17:04:19.340 | INFO     | app.middleware.logging:dispatch:10 - GET /api/v1/profile -> 200 (253.26 ms)
2026-06-01 17:04:23.441 | INFO     | app.middleware.logging:dispatch:10 - GET /api/v1/profile/moments/today -> 200 (199.72 ms)
2026-06-01 17:04:23.582 | INFO     | app.middleware.logging:dispatch:10 - GET /api/v1/profile/moments/today -> 200 (338.56 ms)
2026-06-01 17:05:13.178 | INFO     | app.middleware.logging:dispatch:10 - POST /api/v1/profile/moments -> 200 (11975.71 ms)
2026-06-01 17:05:15.396 | INFO     | app.middleware.logging:dispatch:10 - GET /api/v1/profile/moments/today -> 200 (6.22 ms)
